[21-Aug-2024 01:30:49 Europe/Berlin] Hello, errors!
[21-Aug-2024 01:30:49 Europe/Berlin] PHP Deprecated:  Creation of dynamic property Juanpablolausi\ProgramacionWebDinamicaTpUno\lib\View::$d is deprecated in /opt/lampp/htdocs/programacionWebDinamicaTpUno/src/lib/View.php on line 13
[21-Aug-2024 01:30:54 Europe/Berlin] Hello, errors!
[21-Aug-2024 01:30:54 Europe/Berlin] PHP Deprecated:  Creation of dynamic property Juanpablolausi\ProgramacionWebDinamicaTpUno\lib\View::$d is deprecated in /opt/lampp/htdocs/programacionWebDinamicaTpUno/src/lib/View.php on line 13
[21-Aug-2024 01:31:02 Europe/Berlin] Hello, errors!
[21-Aug-2024 01:31:02 Europe/Berlin] PHP Deprecated:  Creation of dynamic property Juanpablolausi\ProgramacionWebDinamicaTpUno\lib\View::$d is deprecated in /opt/lampp/htdocs/programacionWebDinamicaTpUno/src/lib/View.php on line 13
[21-Aug-2024 01:31:17 Europe/Berlin] Hello, errors!
[21-Aug-2024 01:31:18 Europe/Berlin] PHP Deprecated:  Creation of dynamic property Juanpablolausi\ProgramacionWebDinamicaTpUno\lib\View::$d is deprecated in /opt/lampp/htdocs/programacionWebDinamicaTpUno/src/lib/View.php on line 13
[21-Aug-2024 01:31:21 Europe/Berlin] Hello, errors!
[21-Aug-2024 01:31:21 Europe/Berlin] PHP Deprecated:  Creation of dynamic property Juanpablolausi\ProgramacionWebDinamicaTpUno\lib\View::$d is deprecated in /opt/lampp/htdocs/programacionWebDinamicaTpUno/src/lib/View.php on line 13
[21-Aug-2024 01:31:23 Europe/Berlin] Hello, errors!
[21-Aug-2024 01:31:23 Europe/Berlin] PHP Deprecated:  Creation of dynamic property Juanpablolausi\ProgramacionWebDinamicaTpUno\lib\View::$d is deprecated in /opt/lampp/htdocs/programacionWebDinamicaTpUno/src/lib/View.php on line 13
[21-Aug-2024 01:31:24 Europe/Berlin] Hello, errors!
[21-Aug-2024 01:31:24 Europe/Berlin] PHP Deprecated:  Creation of dynamic property Juanpablolausi\ProgramacionWebDinamicaTpUno\lib\View::$d is deprecated in /opt/lampp/htdocs/programacionWebDinamicaTpUno/src/lib/View.php on line 13
[21-Aug-2024 01:31:27 Europe/Berlin] Hello, errors!
[21-Aug-2024 01:31:27 Europe/Berlin] PHP Deprecated:  Creation of dynamic property Juanpablolausi\ProgramacionWebDinamicaTpUno\lib\View::$d is deprecated in /opt/lampp/htdocs/programacionWebDinamicaTpUno/src/lib/View.php on line 13
[21-Aug-2024 01:32:36 Europe/Berlin] Hello, errors!
[21-Aug-2024 01:32:36 Europe/Berlin] PHP Fatal error:  Uncaught TypeError: Cannot assign null to property Juanpablolausi\ProgramacionWebDinamicaTpUno\ejercicio8\models\Tarifa::$esEstudiante of type string in /opt/lampp/htdocs/programacionWebDinamicaTpUno/src/ejercicio8/models/Tarifa.php:14
Stack trace:
#0 /opt/lampp/htdocs/programacionWebDinamicaTpUno/src/ejercicio8/controllers/CalculoTarifa.php(26): Juanpablolausi\ProgramacionWebDinamicaTpUno\ejercicio8\models\Tarifa->__construct('12', NULL)
#1 /opt/lampp/htdocs/programacionWebDinamicaTpUno/src/routes.php(112): Juanpablolausi\ProgramacionWebDinamicaTpUno\ejercicio8\controllers\CalculoTarifa->calcular(Array)
#2 [internal function]: {closure}()
#3 /opt/lampp/htdocs/programacionWebDinamicaTpUno/vendor/bramus/router/src/Bramus/Router/Router.php(458): call_user_func_array(Object(Closure), Array)
#4 /opt/lampp/htdocs/programacionWebDinamicaTpUno/vendor/bramus/router/src/Bramus/Router/Router.php(440): Bramus\Router\Router->invoke(Object(Closure), Array)
#5 /opt/lampp/htdocs/programacionWebDinamicaTpUno/vendor/bramus/router/src/Bramus/Router/Router.php(287): Bramus\Router\Router->handle(Array, true)
#6 /opt/lampp/htdocs/programacionWebDinamicaTpUno/src/routes.php(115): Bramus\Router\Router->run()
#7 /opt/lampp/htdocs/programacionWebDinamicaTpUno/index.php(14): require('/opt/lampp/htdo...')
#8 {main}
  thrown in /opt/lampp/htdocs/programacionWebDinamicaTpUno/src/ejercicio8/models/Tarifa.php on line 14
[21-Aug-2024 01:32:40 Europe/Berlin] Hello, errors!
[21-Aug-2024 01:32:40 Europe/Berlin] Hello, errors!
[21-Aug-2024 01:32:40 Europe/Berlin] Hello, errors!
[21-Aug-2024 01:32:40 Europe/Berlin] Hello, errors!
[21-Aug-2024 01:32:49 Europe/Berlin] Hello, errors!
[21-Aug-2024 01:32:49 Europe/Berlin] PHP Deprecated:  Creation of dynamic property Juanpablolausi\ProgramacionWebDinamicaTpUno\lib\View::$d is deprecated in /opt/lampp/htdocs/programacionWebDinamicaTpUno/src/lib/View.php on line 13
[21-Aug-2024 01:32:52 Europe/Berlin] Hello, errors!
[21-Aug-2024 01:32:52 Europe/Berlin] PHP Deprecated:  Creation of dynamic property Juanpablolausi\ProgramacionWebDinamicaTpUno\lib\View::$d is deprecated in /opt/lampp/htdocs/programacionWebDinamicaTpUno/src/lib/View.php on line 13
[21-Aug-2024 01:33:17 Europe/Berlin] Hello, errors!
[21-Aug-2024 01:33:17 Europe/Berlin] PHP Fatal error:  Uncaught TypeError: Cannot assign null to property Juanpablolausi\ProgramacionWebDinamicaTpUno\ejercicio8\models\Tarifa::$esEstudiante of type string in /opt/lampp/htdocs/programacionWebDinamicaTpUno/src/ejercicio8/models/Tarifa.php:14
Stack trace:
#0 /opt/lampp/htdocs/programacionWebDinamicaTpUno/src/ejercicio8/controllers/CalculoTarifa.php(26): Juanpablolausi\ProgramacionWebDinamicaTpUno\ejercicio8\models\Tarifa->__construct('12', NULL)
#1 /opt/lampp/htdocs/programacionWebDinamicaTpUno/src/routes.php(112): Juanpablolausi\ProgramacionWebDinamicaTpUno\ejercicio8\controllers\CalculoTarifa->calcular(Array)
#2 [internal function]: {closure}()
#3 /opt/lampp/htdocs/programacionWebDinamicaTpUno/vendor/bramus/router/src/Bramus/Router/Router.php(458): call_user_func_array(Object(Closure), Array)
#4 /opt/lampp/htdocs/programacionWebDinamicaTpUno/vendor/bramus/router/src/Bramus/Router/Router.php(440): Bramus\Router\Router->invoke(Object(Closure), Array)
#5 /opt/lampp/htdocs/programacionWebDinamicaTpUno/vendor/bramus/router/src/Bramus/Router/Router.php(287): Bramus\Router\Router->handle(Array, true)
#6 /opt/lampp/htdocs/programacionWebDinamicaTpUno/src/routes.php(115): Bramus\Router\Router->run()
#7 /opt/lampp/htdocs/programacionWebDinamicaTpUno/index.php(14): require('/opt/lampp/htdo...')
#8 {main}
  thrown in /opt/lampp/htdocs/programacionWebDinamicaTpUno/src/ejercicio8/models/Tarifa.php on line 14
[21-Aug-2024 01:33:20 Europe/Berlin] Hello, errors!
[21-Aug-2024 01:33:20 Europe/Berlin] PHP Deprecated:  Creation of dynamic property Juanpablolausi\ProgramacionWebDinamicaTpUno\lib\View::$d is deprecated in /opt/lampp/htdocs/programacionWebDinamicaTpUno/src/lib/View.php on line 13
[21-Aug-2024 01:33:27 Europe/Berlin] Hello, errors!
[21-Aug-2024 01:33:27 Europe/Berlin] PHP Deprecated:  Creation of dynamic property Juanpablolausi\ProgramacionWebDinamicaTpUno\lib\View::$d is deprecated in /opt/lampp/htdocs/programacionWebDinamicaTpUno/src/lib/View.php on line 13
[21-Aug-2024 01:33:31 Europe/Berlin] Hello, errors!
[21-Aug-2024 01:33:31 Europe/Berlin] PHP Deprecated:  Creation of dynamic property Juanpablolausi\ProgramacionWebDinamicaTpUno\lib\View::$d is deprecated in /opt/lampp/htdocs/programacionWebDinamicaTpUno/src/lib/View.php on line 13
[21-Aug-2024 01:35:24 Europe/Berlin] Hello, errors!
[21-Aug-2024 01:35:24 Europe/Berlin] PHP Deprecated:  Creation of dynamic property Juanpablolausi\ProgramacionWebDinamicaTpUno\lib\View::$d is deprecated in /opt/lampp/htdocs/programacionWebDinamicaTpUno/src/lib/View.php on line 13
[21-Aug-2024 01:35:28 Europe/Berlin] Hello, errors!
[21-Aug-2024 01:35:28 Europe/Berlin] PHP Deprecated:  Creation of dynamic property Juanpablolausi\ProgramacionWebDinamicaTpUno\lib\View::$d is deprecated in /opt/lampp/htdocs/programacionWebDinamicaTpUno/src/lib/View.php on line 13
[21-Aug-2024 01:35:30 Europe/Berlin] Hello, errors!
[21-Aug-2024 01:35:30 Europe/Berlin] PHP Deprecated:  Creation of dynamic property Juanpablolausi\ProgramacionWebDinamicaTpUno\lib\View::$d is deprecated in /opt/lampp/htdocs/programacionWebDinamicaTpUno/src/lib/View.php on line 13
[21-Aug-2024 01:35:33 Europe/Berlin] Hello, errors!
[21-Aug-2024 01:35:33 Europe/Berlin] PHP Fatal error:  Uncaught TypeError: Cannot assign null to property Juanpablolausi\ProgramacionWebDinamicaTpUno\ejercicio8\models\Tarifa::$esEstudiante of type string in /opt/lampp/htdocs/programacionWebDinamicaTpUno/src/ejercicio8/models/Tarifa.php:14
Stack trace:
#0 /opt/lampp/htdocs/programacionWebDinamicaTpUno/src/ejercicio8/controllers/CalculoTarifa.php(26): Juanpablolausi\ProgramacionWebDinamicaTpUno\ejercicio8\models\Tarifa->__construct('12', NULL)
#1 /opt/lampp/htdocs/programacionWebDinamicaTpUno/src/routes.php(112): Juanpablolausi\ProgramacionWebDinamicaTpUno\ejercicio8\controllers\CalculoTarifa->calcular(Array)
#2 [internal function]: {closure}()
#3 /opt/lampp/htdocs/programacionWebDinamicaTpUno/vendor/bramus/router/src/Bramus/Router/Router.php(458): call_user_func_array(Object(Closure), Array)
#4 /opt/lampp/htdocs/programacionWebDinamicaTpUno/vendor/bramus/router/src/Bramus/Router/Router.php(440): Bramus\Router\Router->invoke(Object(Closure), Array)
#5 /opt/lampp/htdocs/programacionWebDinamicaTpUno/vendor/bramus/router/src/Bramus/Router/Router.php(287): Bramus\Router\Router->handle(Array, true)
#6 /opt/lampp/htdocs/programacionWebDinamicaTpUno/src/routes.php(115): Bramus\Router\Router->run()
#7 /opt/lampp/htdocs/programacionWebDinamicaTpUno/index.php(14): require('/opt/lampp/htdo...')
#8 {main}
  thrown in /opt/lampp/htdocs/programacionWebDinamicaTpUno/src/ejercicio8/models/Tarifa.php on line 14
[21-Aug-2024 01:35:39 Europe/Berlin] Hello, errors!
[21-Aug-2024 01:35:39 Europe/Berlin] PHP Deprecated:  Creation of dynamic property Juanpablolausi\ProgramacionWebDinamicaTpUno\lib\View::$d is deprecated in /opt/lampp/htdocs/programacionWebDinamicaTpUno/src/lib/View.php on line 13
[21-Aug-2024 01:37:14 Europe/Berlin] Hello, errors!
[21-Aug-2024 01:37:14 Europe/Berlin] PHP Deprecated:  Creation of dynamic property Juanpablolausi\ProgramacionWebDinamicaTpUno\lib\View::$d is deprecated in /opt/lampp/htdocs/programacionWebDinamicaTpUno/src/lib/View.php on line 13
[21-Aug-2024 01:37:17 Europe/Berlin] Hello, errors!
[21-Aug-2024 01:37:17 Europe/Berlin] PHP Deprecated:  Creation of dynamic property Juanpablolausi\ProgramacionWebDinamicaTpUno\lib\View::$d is deprecated in /opt/lampp/htdocs/programacionWebDinamicaTpUno/src/lib/View.php on line 13
[21-Aug-2024 01:37:19 Europe/Berlin] Hello, errors!
[21-Aug-2024 01:37:19 Europe/Berlin] PHP Deprecated:  Creation of dynamic property Juanpablolausi\ProgramacionWebDinamicaTpUno\lib\View::$d is deprecated in /opt/lampp/htdocs/programacionWebDinamicaTpUno/src/lib/View.php on line 13
[21-Aug-2024 01:37:39 Europe/Berlin] Hello, errors!
[21-Aug-2024 01:37:39 Europe/Berlin] PHP Deprecated:  Creation of dynamic property Juanpablolausi\ProgramacionWebDinamicaTpUno\lib\View::$d is deprecated in /opt/lampp/htdocs/programacionWebDinamicaTpUno/src/lib/View.php on line 13
[21-Aug-2024 01:37:42 Europe/Berlin] Hello, errors!
[21-Aug-2024 01:37:42 Europe/Berlin] PHP Deprecated:  Creation of dynamic property Juanpablolausi\ProgramacionWebDinamicaTpUno\lib\View::$d is deprecated in /opt/lampp/htdocs/programacionWebDinamicaTpUno/src/lib/View.php on line 13
[21-Aug-2024 01:37:44 Europe/Berlin] Hello, errors!
[21-Aug-2024 01:37:44 Europe/Berlin] PHP Deprecated:  Creation of dynamic property Juanpablolausi\ProgramacionWebDinamicaTpUno\lib\View::$d is deprecated in /opt/lampp/htdocs/programacionWebDinamicaTpUno/src/lib/View.php on line 13
[21-Aug-2024 01:38:11 Europe/Berlin] Hello, errors!
[21-Aug-2024 01:38:11 Europe/Berlin] PHP Deprecated:  Creation of dynamic property Juanpablolausi\ProgramacionWebDinamicaTpUno\lib\View::$d is deprecated in /opt/lampp/htdocs/programacionWebDinamicaTpUno/src/lib/View.php on line 13
[21-Aug-2024 01:38:13 Europe/Berlin] Hello, errors!
[21-Aug-2024 01:38:13 Europe/Berlin] PHP Deprecated:  Creation of dynamic property Juanpablolausi\ProgramacionWebDinamicaTpUno\lib\View::$d is deprecated in /opt/lampp/htdocs/programacionWebDinamicaTpUno/src/lib/View.php on line 13
[21-Aug-2024 01:39:13 Europe/Berlin] Hello, errors!
[21-Aug-2024 01:39:13 Europe/Berlin] PHP Deprecated:  Creation of dynamic property Juanpablolausi\ProgramacionWebDinamicaTpUno\lib\View::$d is deprecated in /opt/lampp/htdocs/programacionWebDinamicaTpUno/src/lib/View.php on line 13
[21-Aug-2024 01:39:17 Europe/Berlin] Hello, errors!
[21-Aug-2024 01:39:17 Europe/Berlin] PHP Deprecated:  Creation of dynamic property Juanpablolausi\ProgramacionWebDinamicaTpUno\lib\View::$d is deprecated in /opt/lampp/htdocs/programacionWebDinamicaTpUno/src/lib/View.php on line 13
[21-Aug-2024 01:39:23 Europe/Berlin] Hello, errors!
[21-Aug-2024 01:39:23 Europe/Berlin] PHP Deprecated:  Creation of dynamic property Juanpablolausi\ProgramacionWebDinamicaTpUno\lib\View::$d is deprecated in /opt/lampp/htdocs/programacionWebDinamicaTpUno/src/lib/View.php on line 13
[21-Aug-2024 01:39:28 Europe/Berlin] Hello, errors!
[21-Aug-2024 01:39:28 Europe/Berlin] PHP Deprecated:  Creation of dynamic property Juanpablolausi\ProgramacionWebDinamicaTpUno\lib\View::$d is deprecated in /opt/lampp/htdocs/programacionWebDinamicaTpUno/src/lib/View.php on line 13
[21-Aug-2024 01:39:29 Europe/Berlin] Hello, errors!
[21-Aug-2024 01:39:29 Europe/Berlin] PHP Deprecated:  Creation of dynamic property Juanpablolausi\ProgramacionWebDinamicaTpUno\lib\View::$d is deprecated in /opt/lampp/htdocs/programacionWebDinamicaTpUno/src/lib/View.php on line 13
[21-Aug-2024 01:39:33 Europe/Berlin] Hello, errors!
[21-Aug-2024 01:39:33 Europe/Berlin] PHP Deprecated:  Creation of dynamic property Juanpablolausi\ProgramacionWebDinamicaTpUno\lib\View::$d is deprecated in /opt/lampp/htdocs/programacionWebDinamicaTpUno/src/lib/View.php on line 13
[21-Aug-2024 01:39:34 Europe/Berlin] Hello, errors!
[21-Aug-2024 01:39:34 Europe/Berlin] PHP Deprecated:  Creation of dynamic property Juanpablolausi\ProgramacionWebDinamicaTpUno\lib\View::$d is deprecated in /opt/lampp/htdocs/programacionWebDinamicaTpUno/src/lib/View.php on line 13
[21-Aug-2024 01:39:37 Europe/Berlin] Hello, errors!
[21-Aug-2024 01:39:37 Europe/Berlin] PHP Deprecated:  Creation of dynamic property Juanpablolausi\ProgramacionWebDinamicaTpUno\lib\View::$d is deprecated in /opt/lampp/htdocs/programacionWebDinamicaTpUno/src/lib/View.php on line 13
[21-Aug-2024 01:39:39 Europe/Berlin] Hello, errors!
[21-Aug-2024 01:39:39 Europe/Berlin] PHP Deprecated:  Creation of dynamic property Juanpablolausi\ProgramacionWebDinamicaTpUno\lib\View::$d is deprecated in /opt/lampp/htdocs/programacionWebDinamicaTpUno/src/lib/View.php on line 13
[21-Aug-2024 01:40:46 Europe/Berlin] Hello, errors!
[21-Aug-2024 01:40:46 Europe/Berlin] PHP Deprecated:  Creation of dynamic property Juanpablolausi\ProgramacionWebDinamicaTpUno\lib\View::$d is deprecated in /opt/lampp/htdocs/programacionWebDinamicaTpUno/src/lib/View.php on line 13
[21-Aug-2024 01:40:46 Europe/Berlin] PHP Warning:  Undefined array key "resp" in /opt/lampp/htdocs/programacionWebDinamicaTpUno/src/ejercicio8/views/form.php on line 27
[21-Aug-2024 01:40:55 Europe/Berlin] Hello, errors!
[21-Aug-2024 01:40:55 Europe/Berlin] PHP Deprecated:  Creation of dynamic property Juanpablolausi\ProgramacionWebDinamicaTpUno\lib\View::$d is deprecated in /opt/lampp/htdocs/programacionWebDinamicaTpUno/src/lib/View.php on line 13
[21-Aug-2024 01:41:52 Europe/Berlin] Hello, errors!
[21-Aug-2024 01:41:55 Europe/Berlin] Hello, errors!
[21-Aug-2024 01:41:55 Europe/Berlin] PHP Deprecated:  Creation of dynamic property Juanpablolausi\ProgramacionWebDinamicaTpUno\lib\View::$d is deprecated in /opt/lampp/htdocs/programacionWebDinamicaTpUno/src/lib/View.php on line 13
[21-Aug-2024 01:41:55 Europe/Berlin] PHP Warning:  Undefined array key "resp" in /opt/lampp/htdocs/programacionWebDinamicaTpUno/src/ejercicio8/views/form.php on line 28
[21-Aug-2024 01:41:57 Europe/Berlin] Hello, errors!
[21-Aug-2024 01:41:57 Europe/Berlin] PHP Deprecated:  Creation of dynamic property Juanpablolausi\ProgramacionWebDinamicaTpUno\lib\View::$d is deprecated in /opt/lampp/htdocs/programacionWebDinamicaTpUno/src/lib/View.php on line 13
[21-Aug-2024 01:41:57 Europe/Berlin] PHP Warning:  Undefined array key "resp" in /opt/lampp/htdocs/programacionWebDinamicaTpUno/src/ejercicio8/views/form.php on line 28
[21-Aug-2024 01:42:04 Europe/Berlin] Hello, errors!
[21-Aug-2024 01:42:04 Europe/Berlin] PHP Deprecated:  Creation of dynamic property Juanpablolausi\ProgramacionWebDinamicaTpUno\lib\View::$d is deprecated in /opt/lampp/htdocs/programacionWebDinamicaTpUno/src/lib/View.php on line 13
[21-Aug-2024 01:42:04 Europe/Berlin] PHP Warning:  Undefined array key "resp" in /opt/lampp/htdocs/programacionWebDinamicaTpUno/src/ejercicio8/views/form.php on line 28
[21-Aug-2024 01:42:17 Europe/Berlin] Hello, errors!
[21-Aug-2024 01:42:17 Europe/Berlin] PHP Deprecated:  Creation of dynamic property Juanpablolausi\ProgramacionWebDinamicaTpUno\lib\View::$d is deprecated in /opt/lampp/htdocs/programacionWebDinamicaTpUno/src/lib/View.php on line 13
[21-Aug-2024 01:42:17 Europe/Berlin] PHP Warning:  Undefined array key "resp" in /opt/lampp/htdocs/programacionWebDinamicaTpUno/src/ejercicio8/views/form.php on line 28
[21-Aug-2024 01:42:34 Europe/Berlin] Hello, errors!
[21-Aug-2024 01:42:34 Europe/Berlin] PHP Deprecated:  Creation of dynamic property Juanpablolausi\ProgramacionWebDinamicaTpUno\lib\View::$d is deprecated in /opt/lampp/htdocs/programacionWebDinamicaTpUno/src/lib/View.php on line 13
[21-Aug-2024 01:42:34 Europe/Berlin] PHP Warning:  Undefined array key "resp" in /opt/lampp/htdocs/programacionWebDinamicaTpUno/src/ejercicio8/views/form.php on line 28
[21-Aug-2024 01:42:39 Europe/Berlin] Hello, errors!
[21-Aug-2024 01:42:39 Europe/Berlin] PHP Deprecated:  Creation of dynamic property Juanpablolausi\ProgramacionWebDinamicaTpUno\lib\View::$d is deprecated in /opt/lampp/htdocs/programacionWebDinamicaTpUno/src/lib/View.php on line 13
[21-Aug-2024 01:43:59 Europe/Berlin] Hello, errors!
[21-Aug-2024 01:43:59 Europe/Berlin] PHP Deprecated:  Creation of dynamic property Juanpablolausi\ProgramacionWebDinamicaTpUno\lib\View::$d is deprecated in /opt/lampp/htdocs/programacionWebDinamicaTpUno/src/lib/View.php on line 13
[21-Aug-2024 01:44:08 Europe/Berlin] Hello, errors!
[21-Aug-2024 01:44:08 Europe/Berlin] PHP Deprecated:  Creation of dynamic property Juanpablolausi\ProgramacionWebDinamicaTpUno\lib\View::$d is deprecated in /opt/lampp/htdocs/programacionWebDinamicaTpUno/src/lib/View.php on line 13
